  main.cpp
C:\Users\vd112\source\repos\parallel_prog\parallel_prog\main.cpp(298,24): warning C4267: аргумент: преобразование из "size_t" в "unsigned int"; возможна потеря данных
C:\Users\vd112\source\repos\parallel_prog\parallel_prog\main.cpp(337,47): warning C4244: =: преобразование "size_t" в "_Ty", возможна потеря данных
          with
          [
              _Ty=double
          ]
C:\Users\vd112\source\repos\parallel_prog\parallel_prog\main.cpp(274,19): warning C4267: аргумент: преобразование из "size_t" в "unsigned int"; возможна потеря данных
C:\Users\vd112\source\repos\parallel_prog\parallel_prog\main.cpp(340,14): message : выполняется компиляция ссылки на экземпляр шаблон функции "auto run_experiment<double(__cdecl *)(const double *,size_t)>(F,const double *,size_t)"
          with
          [
              F=double (__cdecl *)(const double *,size_t)
          ]
C:\Users\vd112\source\repos\parallel_prog\parallel_prog\main.cpp(281,22): warning C4244: инициализация: преобразование "_Rep" в "unsigned int", возможна потеря данных
          with
          [
              _Rep=__int64
          ]
C:\Users\vd112\source\repos\parallel_prog\parallel_prog\main.cpp(284,16): warning C4267: =: преобразование из "size_t" в "unsigned int"; возможна потеря данных
  Создание кода
  1 of 333 functions ( 0.3%) were compiled, the rest were copied from previous compilation.
    0 functions were new in current compilation
    1 functions had inline decision re-evaluated but remain unchanged
  Создание кода завершено
  parallel_prog.vcxproj -> C:\Users\vd112\source\repos\parallel_prog\x64\Release\parallel_prog.exe
